{"/Users/marufeuille/train/bin/src/train.js":{"path":"/Users/marufeuille/train/bin/src/train.js","s":{"1":1,"2":1,"3":2,"4":1,"5":1,"6":1,"7":1,"8":1,"9":1,"10":1},"b":{"1":[1,1]},"f":{"1":2},"fnMap":{"1":{"name":"getTrainData","line":7,"loc":{"start":{"line":7,"column":0},"end":{"line":7,"column":27}}}},"statementMap":{"1":{"start":{"line":6,"column":0},"end":{"line":6,"column":40}},"2":{"start":{"line":7,"column":0},"end":{"line":16,"column":1}},"3":{"start":{"line":8,"column":4},"end":{"line":10,"column":5}},"4":{"start":{"line":9,"column":8},"end":{"line":9,"column":18}},"5":{"start":{"line":11,"column":4},"end":{"line":11,"column":20}},"6":{"start":{"line":12,"column":4},"end":{"line":12,"column":35}},"7":{"start":{"line":13,"column":4},"end":{"line":13,"column":73}},"8":{"start":{"line":14,"column":4},"end":{"line":14,"column":65}},"9":{"start":{"line":15,"column":4},"end":{"line":15,"column":32}},"10":{"start":{"line":17,"column":0},"end":{"line":17,"column":36}}},"branchMap":{"1":{"line":8,"type":"if","locations":[{"start":{"line":8,"column":4},"end":{"line":8,"column":4}},{"start":{"line":8,"column":4},"end":{"line":8,"column":4}}]}}}}